# JRE version: OpenJDK Runtime Environment (8.0_152-b02) (build 1.8.0_152-release-1024-b02)
# Java VM: OpenJDK 64-Bit Server VM (25.152-b02 mixed mode windows-amd64 compressed oops)
Heap:
 PSYoungGen      total 303104K, used 213719K [0x00000000e0000000, 0x00000000f4700000, 0x0000000100000000)
  eden space 272896K, 70% used [0x00000000e0000000,0x00000000ebcd33b0,0x00000000f0a80000)
  from space 30208K, 67% used [0x00000000f2880000,0x00000000f3c629b8,0x00000000f4600000)
  to   space 30720K, 0% used [0x00000000f0a80000,0x00000000f0a80000,0x00000000f2880000)
 ParOldGen       total 130560K, used 61281K [0x00000000a0000000, 0x00000000a7f80000, 0x00000000e0000000)
  object space 130560K, 46% used [0x00000000a0000000,0x00000000a3bd87d0,0x00000000a7f80000)
 Metaspace       used 76910K, capacity 80211K, committed 80384K, reserved 1118208K
  class space    used 10146K, capacity 10887K, committed 11008K, reserved 1048576K
GC Heap History (10 events):
Event: 21.264 GC heap before
{Heap before GC invocations=11 (full 2):
 PSYoungGen      total 187904K, used 158840K [0x00000000e0000000, 0x00000000eda80000, 0x0000000100000000)
  eden space 174080K, 83% used [0x00000000e0000000,0x00000000e8da5448,0x00000000eaa00000)
  from space 13824K, 99% used [0x00000000eba00000,0x00000000ec778df0,0x00000000ec780000)
  to   space 16384K, 0% used [0x00000000eaa00000,0x00000000eaa00000,0x00000000eba00000)
 ParOldGen       total 92672K, used 22581K [0x00000000a0000000, 0x00000000a5a80000, 0x00000000e0000000)
  object space 92672K, 24% used [0x00000000a0000000,0x00000000a160d458,0x00000000a5a80000)
 Metaspace       used 57208K, capacity 58874K, committed 59028K, reserved 1099776K
  class space    used 7759K, capacity 8181K, committed 8192K, reserved 1048576K
Event: 21.455 GC heap after
Heap after GC invocations=11 (full 2):
 PSYoungGen      total 190464K, used 16370K [0x00000000e0000000, 0x00000000f0e80000, 0x0000000100000000)
  eden space 174080K, 0% used [0x00000000e0000000,0x00000000e0000000,0x00000000eaa00000)
  from space 16384K, 99% used [0x00000000eaa00000,0x00000000eb9fc8a0,0x00000000eba00000)
  to   space 20992K, 0% used [0x00000000efa00000,0x00000000efa00000,0x00000000f0e80000)
 ParOldGen       total 92672K, used 28751K [0x00000000a0000000, 0x00000000a5a80000, 0x00000000e0000000)
  object space 92672K, 31% used [0x00000000a0000000,0x00000000a1c13d58,0x00000000a5a80000)
 Metaspace       used 57208K, capacity 58874K, committed 59028K, reserved 1099776K
  class space    used 7759K, capacity 8181K, committed 8192K, reserved 1048576K
}
Event: 21.455 GC heap before
{Heap before GC invocations=12 (full 3):
 PSYoungGen      total 190464K, used 16370K [0x00000000e0000000, 0x00000000f0e80000, 0x0000000100000000)
  eden space 174080K, 0% used [0x00000000e0000000,0x00000000e0000000,0x00000000eaa00000)
  from space 16384K, 99% used [0x00000000eaa00000,0x00000000eb9fc8a0,0x00000000eba00000)
  to   space 20992K, 0% used [0x00000000efa00000,0x00000000efa00000,0x00000000f0e80000)
 ParOldGen       total 92672K, used 28751K [0x00000000a0000000, 0x00000000a5a80000, 0x00000000e0000000)
  object space 92672K, 31% used [0x00000000a0000000,0x00000000a1c13d58,0x00000000a5a80000)
 Metaspace       used 57208K, capacity 58874K, committed 59028K, reserved 1099776K
  class space    used 7759K, capacity 8181K, committed 8192K, reserved 1048576K
Event: 21.718 GC heap after
Heap after GC invocations=12 (full 3):
 PSYoungGen      total 190464K, used 0K [0x00000000e0000000, 0x00000000f0e80000, 0x0000000100000000)
  eden space 174080K, 0% used [0x00000000e0000000,0x00000000e0000000,0x00000000eaa00000)
  from space 16384K, 0% used [0x00000000eaa00000,0x00000000eaa00000,0x00000000eba00000)
  to   space 20992K, 0% used [0x00000000efa00000,0x00000000efa00000,0x00000000f0e80000)
 ParOldGen       total 130560K, used 38283K [0x00000000a0000000, 0x00000000a7f80000, 0x00000000e0000000)
  object space 130560K, 29% used [0x00000000a0000000,0x00000000a2562fd8,0x00000000a7f80000)
 Metaspace       used 57208K, capacity 58874K, committed 59028K, reserved 1099776K
  class space    used 7759K, capacity 8181K, committed 8192K, reserved 1048576K
}
Event: 24.702 GC heap before
{Heap before GC invocations=13 (full 3):
 PSYoungGen      total 190464K, used 174080K [0x00000000e0000000, 0x00000000f0e80000, 0x0000000100000000)
  eden space 174080K, 100% used [0x00000000e0000000,0x00000000eaa00000,0x00000000eaa00000)
  from space 16384K, 0% used [0x00000000eaa00000,0x00000000eaa00000,0x00000000eba00000)
  to   space 20992K, 0% used [0x00000000efa00000,0x00000000efa00000,0x00000000f0e80000)
 ParOldGen       total 130560K, used 38283K [0x00000000a0000000, 0x00000000a7f80000, 0x00000000e0000000)
  object space 130560K, 29% used [0x00000000a0000000,0x00000000a2562fd8,0x00000000a7f80000)
 Metaspace       used 61330K, capacity 63212K, committed 63360K, reserved 1103872K
  class space    used 8338K, capacity 8828K, committed 8832K, reserved 1048576K
Event: 24.736 GC heap after
Heap after GC invocations=13 (full 3):
 PSYoungGen      total 240640K, used 19357K [0x00000000e0000000, 0x00000000f0d00000, 0x0000000100000000)
  eden space 221184K, 0% used [0x00000000e0000000,0x00000000e0000000,0x00000000ed800000)
  from space 19456K, 99% used [0x00000000efa00000,0x00000000f0ce7538,0x00000000f0d00000)
  to   space 23552K, 0% used [0x00000000edf00000,0x00000000edf00000,0x00000000ef600000)
 ParOldGen       total 130560K, used 38291K [0x00000000a0000000, 0x00000000a7f80000, 0x00000000e0000000)
  object space 130560K, 29% used [0x00000000a0000000,0x00000000a2564fd8,0x00000000a7f80000)
 Metaspace       used 61330K, capacity 63212K, committed 63360K, reserved 1103872K
  class space    used 8338K, capacity 8828K, committed 8832K, reserved 1048576K
}
Event: 39.461 GC heap before
{Heap before GC invocations=14 (full 3):
 PSYoungGen      total 240640K, used 240541K [0x00000000e0000000, 0x00000000f0d00000, 0x0000000100000000)
  eden space 221184K, 100% used [0x00000000e0000000,0x00000000ed800000,0x00000000ed800000)
  from space 19456K, 99% used [0x00000000efa00000,0x00000000f0ce7538,0x00000000f0d00000)
  to   space 23552K, 0% used [0x00000000edf00000,0x00000000edf00000,0x00000000ef600000)
 ParOldGen       total 130560K, used 38291K [0x00000000a0000000, 0x00000000a7f80000, 0x00000000e0000000)
  object space 130560K, 29% used [0x00000000a0000000,0x00000000a2564fd8,0x00000000a7f80000)
 Metaspace       used 70552K, capacity 73185K, committed 73216K, reserved 1112064K
  class space    used 9389K, capacity 9984K, committed 9984K, reserved 1048576K
Event: 39.514 GC heap after
Heap after GC invocations=14 (full 3):
 PSYoungGen      total 251904K, used 23540K [0x00000000e0000000, 0x00000000f4600000, 0x0000000100000000)
  eden space 228352K, 0% used [0x00000000e0000000,0x00000000e0000000,0x00000000edf00000)
  from space 23552K, 99% used [0x00000000edf00000,0x00000000ef5fd0e0,0x00000000ef600000)
  to   space 30208K, 0% used [0x00000000f2880000,0x00000000f2880000,0x00000000f4600000)
 ParOldGen       total 130560K, used 47140K [0x00000000a0000000, 0x00000000a7f80000, 0x00000000e0000000)
  object space 130560K, 36% used [0x00000000a0000000,0x00000000a2e09268,0x00000000a7f80000)
 Metaspace       used 70552K, capacity 73185K, committed 73216K, reserved 1112064K
  class space    used 9389K, capacity 9984K, committed 9984K, reserved 1048576K
}
Event: 1907.215 GC heap before
{Heap before GC invocations=15 (full 3):
 PSYoungGen      total 251904K, used 251892K [0x00000000e0000000, 0x00000000f4600000, 0x0000000100000000)
  eden space 228352K, 100% used [0x00000000e0000000,0x00000000edf00000,0x00000000edf00000)
  from space 23552K, 99% used [0x00000000edf00000,0x00000000ef5fd0e0,0x00000000ef600000)
  to   space 30208K, 0% used [0x00000000f2880000,0x00000000f2880000,0x00000000f4600000)
 ParOldGen       total 130560K, used 47140K [0x00000000a0000000, 0x00000000a7f80000, 0x00000000e0000000)
  object space 130560K, 36% used [0x00000000a0000000,0x00000000a2e09268,0x00000000a7f80000)
 Metaspace       used 73816K, capacity 76959K, committed 77056K, reserved 1116160K
  class space    used 9765K, capacity 10475K, committed 10496K, reserved 1048576K
Event: 1907.261 GC heap after
Heap after GC invocations=15 (full 3):
 PSYoungGen      total 303104K, used 20362K [0x00000000e0000000, 0x00000000f4700000, 0x0000000100000000)
  eden space 272896K, 0% used [0x00000000e0000000,0x00000000e0000000,0x00000000f0a80000)
  from space 30208K, 67% used [0x00000000f2880000,0x00000000f3c629b8,0x00000000f4600000)
  to   space 30720K, 0% used [0x00000000f0a80000,0x00000000f0a80000,0x00000000f2880000)
 ParOldGen       total 130560K, used 61281K [0x00000000a0000000, 0x00000000a7f80000, 0x00000000e0000000)
  object space 130560K, 46% used [0x00000000a0000000,0x00000000a3bd87d0,0x00000000a7f80000)
 Metaspace       used 73816K, capacity 76959K, committed 77056K, reserved 1116160K
  class space    used 9765K, capacity 10475K, committed 10496K, reserved 1048576K
}

