# JRE version: OpenJDK Runtime Environment (8.0_152-b02) (build 1.8.0_152-release-1024-b02)
# Java VM: OpenJDK 64-Bit Server VM (25.152-b02 mixed mode windows-amd64 compressed oops)
Heap:
 PSYoungGen      total 96256K, used 52925K [0x00000000e0000000, 0x00000000e8080000, 0x0000000100000000)
  eden space 77312K, 43% used [0x00000000e0000000,0x00000000e2135e30,0x00000000e4b80000)
  from space 18944K, 99% used [0x00000000e6400000,0x00000000e76799b8,0x00000000e7680000)
  to   space 25088K, 0% used [0x00000000e4b80000,0x00000000e4b80000,0x00000000e6400000)
 ParOldGen       total 109056K, used 22901K [0x00000000a0000000, 0x00000000a6a80000, 0x00000000e0000000)
  object space 109056K, 20% used [0x00000000a0000000,0x00000000a165d5b8,0x00000000a6a80000)
 Metaspace       used 49132K, capacity 49963K, committed 50304K, reserved 1093632K
  class space    used 6066K, capacity 6259K, committed 6272K, reserved 1048576K
GC Heap History (10 events):
Event: 5.570 GC heap before
{Heap before GC invocations=7 (full 2):
 PSYoungGen      total 53760K, used 53748K [0x00000000e0000000, 0x00000000e4b00000, 0x0000000100000000)
  eden space 48640K, 100% used [0x00000000e0000000,0x00000000e2f80000,0x00000000e2f80000)
  from space 5120K, 99% used [0x00000000e4600000,0x00000000e4afd3c8,0x00000000e4b00000)
  to   space 5120K, 0% used [0x00000000e4100000,0x00000000e4100000,0x00000000e4600000)
 ParOldGen       total 69120K, used 12374K [0x00000000a0000000, 0x00000000a4380000, 0x00000000e0000000)
  object space 69120K, 17% used [0x00000000a0000000,0x00000000a0c15840,0x00000000a4380000)
 Metaspace       used 33318K, capacity 33842K, committed 34176K, reserved 1079296K
  class space    used 4229K, capacity 4387K, committed 4480K, reserved 1048576K
Event: 5.587 GC heap after
Heap after GC invocations=7 (full 2):
 PSYoungGen      total 71680K, used 5118K [0x00000000e0000000, 0x00000000e4e80000, 0x0000000100000000)
  eden space 66560K, 0% used [0x00000000e0000000,0x00000000e0000000,0x00000000e4100000)
  from space 5120K, 99% used [0x00000000e4100000,0x00000000e45ffb08,0x00000000e4600000)
  to   space 5120K, 0% used [0x00000000e4980000,0x00000000e4980000,0x00000000e4e80000)
 ParOldGen       total 69120K, used 23803K [0x00000000a0000000, 0x00000000a4380000, 0x00000000e0000000)
  object space 69120K, 34% used [0x00000000a0000000,0x00000000a173efc0,0x00000000a4380000)
 Metaspace       used 33318K, capacity 33842K, committed 34176K, reserved 1079296K
  class space    used 4229K, capacity 4387K, committed 4480K, reserved 1048576K
}
Event: 5.844 GC heap before
{Heap before GC invocations=8 (full 2):
 PSYoungGen      total 71680K, used 15328K [0x00000000e0000000, 0x00000000e4e80000, 0x0000000100000000)
  eden space 66560K, 15% used [0x00000000e0000000,0x00000000e09f8738,0x00000000e4100000)
  from space 5120K, 99% used [0x00000000e4100000,0x00000000e45ffb08,0x00000000e4600000)
  to   space 5120K, 0% used [0x00000000e4980000,0x00000000e4980000,0x00000000e4e80000)
 ParOldGen       total 69120K, used 23803K [0x00000000a0000000, 0x00000000a4380000, 0x00000000e0000000)
  object space 69120K, 34% used [0x00000000a0000000,0x00000000a173efc0,0x00000000a4380000)
 Metaspace       used 34591K, capacity 35204K, committed 35496K, reserved 1081344K
  class space    used 4371K, capacity 4532K, committed 4608K, reserved 1048576K
Event: 5.868 GC heap after
Heap after GC invocations=8 (full 2):
 PSYoungGen      total 64512K, used 5118K [0x00000000e0000000, 0x00000000e8a00000, 0x0000000100000000)
  eden space 59392K, 0% used [0x00000000e0000000,0x00000000e0000000,0x00000000e3a00000)
  from space 5120K, 99% used [0x00000000e4980000,0x00000000e4e7fb08,0x00000000e4e80000)
  to   space 15872K, 0% used [0x00000000e3a00000,0x00000000e3a00000,0x00000000e4980000)
 ParOldGen       total 69120K, used 25268K [0x00000000a0000000, 0x00000000a4380000, 0x00000000e0000000)
  object space 69120K, 36% used [0x00000000a0000000,0x00000000a18ad3f8,0x00000000a4380000)
 Metaspace       used 34591K, capacity 35204K, committed 35496K, reserved 1081344K
  class space    used 4371K, capacity 4532K, committed 4608K, reserved 1048576K
}
Event: 5.868 GC heap before
{Heap before GC invocations=9 (full 3):
 PSYoungGen      total 64512K, used 5118K [0x00000000e0000000, 0x00000000e8a00000, 0x0000000100000000)
  eden space 59392K, 0% used [0x00000000e0000000,0x00000000e0000000,0x00000000e3a00000)
  from space 5120K, 99% used [0x00000000e4980000,0x00000000e4e7fb08,0x00000000e4e80000)
  to   space 15872K, 0% used [0x00000000e3a00000,0x00000000e3a00000,0x00000000e4980000)
 ParOldGen       total 69120K, used 25268K [0x00000000a0000000, 0x00000000a4380000, 0x00000000e0000000)
  object space 69120K, 36% used [0x00000000a0000000,0x00000000a18ad3f8,0x00000000a4380000)
 Metaspace       used 34591K, capacity 35204K, committed 35496K, reserved 1081344K
  class space    used 4371K, capacity 4532K, committed 4608K, reserved 1048576K
Event: 6.025 GC heap after
Heap after GC invocations=9 (full 3):
 PSYoungGen      total 64512K, used 0K [0x00000000e0000000, 0x00000000e8a00000, 0x0000000100000000)
  eden space 59392K, 0% used [0x00000000e0000000,0x00000000e0000000,0x00000000e3a00000)
  from space 5120K, 0% used [0x00000000e4980000,0x00000000e4980000,0x00000000e4e80000)
  to   space 15872K, 0% used [0x00000000e3a00000,0x00000000e3a00000,0x00000000e4980000)
 ParOldGen       total 109056K, used 15728K [0x00000000a0000000, 0x00000000a6a80000, 0x00000000e0000000)
  object space 109056K, 14% used [0x00000000a0000000,0x00000000a0f5c1c0,0x00000000a6a80000)
 Metaspace       used 34591K, capacity 35204K, committed 35496K, reserved 1081344K
  class space    used 4371K, capacity 4532K, committed 4608K, reserved 1048576K
}
Event: 8.199 GC heap before
{Heap before GC invocations=10 (full 3):
 PSYoungGen      total 64512K, used 59392K [0x00000000e0000000, 0x00000000e8a00000, 0x0000000100000000)
  eden space 59392K, 100% used [0x00000000e0000000,0x00000000e3a00000,0x00000000e3a00000)
  from space 5120K, 0% used [0x00000000e4980000,0x00000000e4980000,0x00000000e4e80000)
  to   space 15872K, 0% used [0x00000000e3a00000,0x00000000e3a00000,0x00000000e4980000)
 ParOldGen       total 109056K, used 15728K [0x00000000a0000000, 0x00000000a6a80000, 0x00000000e0000000)
  object space 109056K, 14% used [0x00000000a0000000,0x00000000a0f5c1c0,0x00000000a6a80000)
 Metaspace       used 38414K, capacity 39058K, committed 39552K, reserved 1083392K
  class space    used 4802K, capacity 4961K, committed 4992K, reserved 1048576K
Event: 8.218 GC heap after
Heap after GC invocations=10 (full 3):
 PSYoungGen      total 75264K, used 15860K [0x00000000e0000000, 0x00000000e7680000, 0x0000000100000000)
  eden space 59392K, 0% used [0x00000000e0000000,0x00000000e0000000,0x00000000e3a00000)
  from space 15872K, 99% used [0x00000000e3a00000,0x00000000e497d000,0x00000000e4980000)
  to   space 18944K, 0% used [0x00000000e6400000,0x00000000e6400000,0x00000000e7680000)
 ParOldGen       total 109056K, used 16348K [0x00000000a0000000, 0x00000000a6a80000, 0x00000000e0000000)
  object space 109056K, 14% used [0x00000000a0000000,0x00000000a0ff7008,0x00000000a6a80000)
 Metaspace       used 38414K, capacity 39058K, committed 39552K, reserved 1083392K
  class space    used 4802K, capacity 4961K, committed 4992K, reserved 1048576K
}
Event: 10.991 GC heap before
{Heap before GC invocations=11 (full 3):
 PSYoungGen      total 75264K, used 75252K [0x00000000e0000000, 0x00000000e7680000, 0x0000000100000000)
  eden space 59392K, 100% used [0x00000000e0000000,0x00000000e3a00000,0x00000000e3a00000)
  from space 15872K, 99% used [0x00000000e3a00000,0x00000000e497d000,0x00000000e4980000)
  to   space 18944K, 0% used [0x00000000e6400000,0x00000000e6400000,0x00000000e7680000)
 ParOldGen       total 109056K, used 16348K [0x00000000a0000000, 0x00000000a6a80000, 0x00000000e0000000)
  object space 109056K, 14% used [0x00000000a0000000,0x00000000a0ff7008,0x00000000a6a80000)
 Metaspace       used 44450K, capacity 45189K, committed 45440K, reserved 1089536K
  class space    used 5577K, capacity 5754K, committed 5760K, reserved 1048576K
Event: 11.025 GC heap after
Heap after GC invocations=11 (full 3):
 PSYoungGen      total 96256K, used 18918K [0x00000000e0000000, 0x00000000e8080000, 0x0000000100000000)
  eden space 77312K, 0% used [0x00000000e0000000,0x00000000e0000000,0x00000000e4b80000)
  from space 18944K, 99% used [0x00000000e6400000,0x00000000e76799b8,0x00000000e7680000)
  to   space 25088K, 0% used [0x00000000e4b80000,0x00000000e4b80000,0x00000000e6400000)
 ParOldGen       total 109056K, used 22901K [0x00000000a0000000, 0x00000000a6a80000, 0x00000000e0000000)
  object space 109056K, 20% used [0x00000000a0000000,0x00000000a165d5b8,0x00000000a6a80000)
 Metaspace       used 44450K, capacity 45189K, committed 45440K, reserved 1089536K
  class space    used 5577K, capacity 5754K, committed 5760K, reserved 1048576K
}

